"Start of log file."
"C:/Users/HYU1/Desktop/Projects/LOVE-H~1/Assets/modeling/°ø°Ý/SORA_A~1.MAX"
"Starting max loading and fbx conversion"
window = undefined
"Settings units"
"Before fbx export"
"After fbx export"
"Finished max loading and fbx conversion"
"C:/Users/HYU1/Desktop/Projects/LOVE-H~1/Assets/modeling/°È±â/SORA_W~1.MAX"
"Starting max loading and fbx conversion"
window = undefined
"Settings units"
"Before fbx export"
"After fbx export"
"Finished max loading and fbx conversion"
"C:/Users/HYU1/Desktop/Projects/LOVE-H~1/Assets/modeling/building/VENATA~1.MAX"
"Starting max loading and fbx conversion"
window = undefined
"Settings units"
"Before fbx export"
"After fbx export"
"Finished max loading and fbx conversion"
"C:/Users/HYU1/Desktop/Projects/LOVE-H~1/Assets/modeling/building/TERAFO~2.MAX"
"Starting max loading and fbx conversion"
window = undefined
"Settings units"
"Before fbx export"
"After fbx export"
"Finished max loading and fbx conversion"
"C:/Users/HYU1/Desktop/Projects/LOVE-H~1/Assets/modeling/¸ðµ¨¸µ~1/flama_¿Ï.max"
"Starting max loading and fbx conversion"
window = undefined
"Settings units"
"Before fbx export"
"After fbx export"
"Finished max loading and fbx conversion"
"C:/Users/HYU1/Desktop/Projects/LOVE-H~1/Assets/modeling/°È±â/HEMA_W~1.MAX"
"Starting max loading and fbx conversion"
window = undefined
"Settings units"
"Before fbx export"
"After fbx export"
"Finished max loading and fbx conversion"
"C:/Users/HYU1/Desktop/Projects/LOVE-H~1/Assets/modeling/¸ðµ¨¸µ~1/talpa.max"
"Starting max loading and fbx conversion"
window = undefined
"Settings units"
"Before fbx export"
"After fbx export"
"Finished max loading and fbx conversion"
"C:/Users/HYU1/Desktop/Projects/LOVE-H~1/Assets/modeling/°ø°Ý/FLAMA_~1.MAX"
"Starting max loading and fbx conversion"
window = undefined
"Settings units"
"Before fbx export"
"After fbx export"
"Finished max loading and fbx conversion"
"C:/Users/HYU1/Desktop/Projects/LOVE-H~1/Assets/modeling/¸ðµ¨¸µ~1/fli.max"
"Starting max loading and fbx conversion"
window = undefined
"Settings units"
"Before fbx export"
"After fbx export"
"Finished max loading and fbx conversion"
"C:/Users/HYU1/Desktop/Projects/LOVE-H~1/Assets/modeling/°ø°Ý/HEMA_A~1.MAX"
"Starting max loading and fbx conversion"
window = undefined
"Settings units"
"Before fbx export"
"After fbx export"
"Finished max loading and fbx conversion"
"C:/Users/HYU1/Desktop/Projects/LOVE-H~1/Assets/modeling/°È±â/fli_walk.max"
"Starting max loading and fbx conversion"
window = undefined
"Settings units"
"Before fbx export"
"After fbx export"
"Finished max loading and fbx conversion"
"C:/Users/HYU1/Desktop/Projects/LOVE-H~1/Assets/modeling/¸ðµ¨¸µ~1/sora.max"
"Starting max loading and fbx conversion"
window = undefined
"Settings units"
"Before fbx export"
"After fbx export"
"Finished max loading and fbx conversion"
"C:/Users/HYU1/Desktop/Projects/LOVE-H~1/Assets/modeling/°È±â/CURO_W~1.MAX"
"Starting max loading and fbx conversion"
window = undefined
"Settings units"
"Before fbx export"
"After fbx export"
"Finished max loading and fbx conversion"
"C:/Users/HYU1/Desktop/Projects/LOVE-H~1/Assets/modeling/¸ðµ¨¸µ~1/ºÒ²ÉÃÊ~1.MAX"
"Starting max loading and fbx conversion"
window = undefined
"Settings units"
"Before fbx export"
"After fbx export"
"Finished max loading and fbx conversion"
"C:/Users/HYU1/Desktop/Projects/LOVE-H~1/Assets/modeling/¸ðµ¨¸µ~1/crepo.max"
"Starting max loading and fbx conversion"
window = undefined
"Settings units"
"Before fbx export"
"After fbx export"
"Finished max loading and fbx conversion"
"C:/Users/HYU1/Desktop/Projects/LOVE-H~1/Assets/modeling/¸ðµ¨¸µ~1/flama.max"
"Starting max loading and fbx conversion"
window = undefined
"Settings units"
"Before fbx export"
"After fbx export"
"Finished max loading and fbx conversion"
"C:/Users/HYU1/Desktop/Projects/LOVE-H~1/Assets/modeling/¾Ö´Ï¸Þ~1/talpaani.max"
"Starting max loading and fbx conversion"
window = undefined
"Settings units"
"Before fbx export"
"After fbx export"
"Finished max loading and fbx conversion"
"C:/Users/HYU1/Desktop/Projects/LOVE-H~1/Assets/modeling/°ø°Ý/FLI_AT~1.MAX"
"Starting max loading and fbx conversion"
window = undefined
"Settings units"
"Before fbx export"
"After fbx export"
"Finished max loading and fbx conversion"
"C:/Users/HYU1/Desktop/Projects/LOVE-H~1/Assets/modeling/building/TERAFO~1.MAX"
"Starting max loading and fbx conversion"
window = undefined
"Settings units"
"Before fbx export"
"After fbx export"
"Finished max loading and fbx conversion"
"C:/Users/HYU1/Desktop/Projects/LOVE-H~1/Assets/modeling/¸ðµ¨¸µ~1/hema.max"
"Starting max loading and fbx conversion"
window = undefined
"Settings units"
"Before fbx export"
"After fbx export"
"Finished max loading and fbx conversion"
"C:/Users/HYU1/Desktop/Projects/LOVE-H~1/Assets/modeling/¸ðµ¨¸µ~1/WATERB~1.MAX"
"Starting max loading and fbx conversion"
window = undefined
"Settings units"
"Before fbx export"
"After fbx export"
"Finished max loading and fbx conversion"
"C:/Users/HYU1/Desktop/Projects/LOVE-H~1/Assets/modeling/¸ðµ¨¸µ~1/curo.max"
"Starting max loading and fbx conversion"
window = undefined
"Settings units"
"Before fbx export"
"After fbx export"
"Finished max loading and fbx conversion"
"C:/Users/HYU1/Desktop/Projects/LOVE-H~1/Assets/modeling/°È±â/FIREBA~1.MAX"
"Starting max loading and fbx conversion"
window = undefined
"Settings units"
"Before fbx export"
"After fbx export"
"Finished max loading and fbx conversion"
"C:/Users/HYU1/Desktop/Projects/LOVE-H~1/Assets/modeling/building/UNIT_C~1.MAX"
"Starting max loading and fbx conversion"
window = undefined
"Settings units"
"Before fbx export"
"After fbx export"
"Finished max loading and fbx conversion"
"C:/Users/HYU1/Desktop/Projects/LOVE-H~1/Assets/modeling/°È±â/FIREWO~1.MAX"
"Starting max loading and fbx conversion"
window = undefined
"Settings units"
"Before fbx export"
"After fbx export"
"Finished max loading and fbx conversion"
"C:/Users/HYU1/Desktop/Projects/LOVE-H~1/Assets/modeling/°È±â/GARI_W~1.MAX"
"Starting max loading and fbx conversion"
window = undefined
"Settings units"
"Before fbx export"
"After fbx export"
"Finished max loading and fbx conversion"
"C:/Users/HYU1/Desktop/Projects/LOVE-H~1/Assets/modeling/¸ðµ¨¸µ~1/fire.max"
"Starting max loading and fbx conversion"
window = undefined
"Settings units"
"Before fbx export"
"After fbx export"
"Finished max loading and fbx conversion"
"C:/Users/HYU1/Desktop/Projects/LOVE-H~1/Assets/modeling/°È±â/FLAMA_~1.MAX"
"Starting max loading and fbx conversion"
window = undefined
"Settings units"
"Before fbx export"
"After fbx export"
"Finished max loading and fbx conversion"
"C:/Users/HYU1/Desktop/Projects/LOVE-H~1/Assets/modeling/building/VENATA~2.MAX"
"Starting max loading and fbx conversion"
window = undefined
"Settings units"
"Before fbx export"
"After fbx export"
"Finished max loading and fbx conversion"
"C:/Users/HYU1/Desktop/Projects/LOVE-H~1/Assets/modeling/°È±â/WATERB~1.MAX"
"Starting max loading and fbx conversion"
window = undefined
"Settings units"
"Before fbx export"
"After fbx export"
"Finished max loading and fbx conversion"
"C:/Users/HYU1/Desktop/Projects/LOVE-H~1/Assets/modeling/¸ðµ¨¸µ~1/FIREBA~1.MAX"
"Starting max loading and fbx conversion"
window = undefined
"Settings units"
"Before fbx export"
"After fbx export"
"Finished max loading and fbx conversion"
"C:/Users/HYU1/Desktop/Projects/LOVE-H~1/Assets/modeling/¸ðµ¨¸µ~1/gari.max"
"Starting max loading and fbx conversion"
window = undefined
"Settings units"
"Before fbx export"
"After fbx export"
"Finished max loading and fbx conversion"
"C:/Users/HYU1/Desktop/Projects/LOVE-H~1/Assets/modeling/FIRE_O~1.MAX"
"Starting max loading and fbx conversion"
window = undefined
"Settings units"
"Before fbx export"
"After fbx export"
"Finished max loading and fbx conversion"
"C:/Users/HYU1/Desktop/Projects/LOVE-H~1/Assets/modeling/building/UNIT_C~2.MAX"
"Starting max loading and fbx conversion"
window = undefined
"Settings units"
"Before fbx export"
"After fbx export"
"Finished max loading and fbx conversion"
